0 info it worked if it ends with ok
1 verbose cli [ '/usr/local/Cellar/node/5.1.0/bin/node',
1 verbose cli   '/usr/local/bin/npm',
1 verbose cli   'run',
1 verbose cli   'gulp' ]
2 info using npm@3.3.12
3 info using node@v5.1.0
4 verbose run-script [ 'pregulp', 'gulp', 'postgulp' ]
5 info lifecycle angular2-boilerplate@1.0.0~pregulp: angular2-boilerplate@1.0.0
6 silly lifecycle angular2-boilerplate@1.0.0~pregulp: no script for pregulp, continuing
7 info lifecycle angular2-boilerplate@1.0.0~gulp: angular2-boilerplate@1.0.0
8 verbose lifecycle angular2-boilerplate@1.0.0~gulp: unsafe-perm in lifecycle true
9 verbose lifecycle angular2-boilerplate@1.0.0~gulp: PATH: /usr/local/lib/node_modules/npm/bin/node-gyp-bin:/Users/pramod.nair/projects/angular2/angular-2-beta-boilerplate/node_modules/.bin:/usr/local/lib/node_modules/npm/bin/node-gyp-bin:/Users/pramod.nair/projects/angular2/angular-2-beta-boilerplate/node_modules/.bin:/Users/pramod.nair/pear/bin:/Users/pramod.nair/IdeaProjects/lego/configuration/scripts:/usr/local/opt/git/bin:/Users/pramod.nair/bin:/usr/local/bin:/usr/local/bin:/usr/bin:/bin:/usr/sbin:/sbin
10 verbose lifecycle angular2-boilerplate@1.0.0~gulp: CWD: /Users/pramod.nair/projects/angular2/angular-2-beta-boilerplate
11 silly lifecycle angular2-boilerplate@1.0.0~gulp: Args: [ '-c', 'gulp' ]
12 silly lifecycle angular2-boilerplate@1.0.0~gulp: Returned: code: 1  signal: null
13 info lifecycle angular2-boilerplate@1.0.0~gulp: Failed to exec gulp script
14 verbose stack Error: angular2-boilerplate@1.0.0 gulp: `gulp`
14 verbose stack Exit status 1
14 verbose stack     at EventEmitter.<anonymous> (/usr/local/lib/node_modules/npm/lib/utils/lifecycle.js:232:16)
14 verbose stack     at emitTwo (events.js:87:13)
14 verbose stack     at EventEmitter.emit (events.js:172:7)
14 verbose stack     at ChildProcess.<anonymous> (/usr/local/lib/node_modules/npm/lib/utils/spawn.js:24:14)
14 verbose stack     at emitTwo (events.js:87:13)
14 verbose stack     at ChildProcess.emit (events.js:172:7)
14 verbose stack     at maybeClose (internal/child_process.js:818:16)
14 verbose stack     at Process.ChildProcess._handle.onexit (internal/child_process.js:211:5)
15 verbose pkgid angular2-boilerplate@1.0.0
16 verbose cwd /Users/pramod.nair/projects/angular2/angular-2-beta-boilerplate
17 error Darwin 15.2.0
18 error argv "/usr/local/Cellar/node/5.1.0/bin/node" "/usr/local/bin/npm" "run" "gulp"
19 error node v5.1.0
20 error npm  v3.3.12
21 error code ELIFECYCLE
22 error angular2-boilerplate@1.0.0 gulp: `gulp`
22 error Exit status 1
23 error Failed at the angular2-boilerplate@1.0.0 gulp script 'gulp'.
23 error Make sure you have the latest version of node.js and npm installed.
23 error If you do, this is most likely a problem with the angular2-boilerplate package,
23 error not with npm itself.
23 error Tell the author that this fails on your system:
23 error     gulp
23 error You can get their info via:
23 error     npm owner ls angular2-boilerplate
23 error There is likely additional logging output above.
24 verbose exit [ 1, true ]
